Change Component Designator: Old Designator=C1 New Designator=C6
Change Component Designator: Old Designator=C2 New Designator=C7
Change Component Designator: Old Designator=C3 New Designator=C1
Change Component Designator: Old Designator=C4 New Designator=C2
Change Component Designator: Old Designator=C5 New Designator=C3
Change Component Designator: Old Designator=C6 New Designator=C4
Change Component Designator: Old Designator=C7 New Designator=C5
Change Component Designator: Old Designator=C11 New Designator=C12
Change Component Designator: Old Designator=C12 New Designator=C15
Change Component Designator: Old Designator=C13 New Designator=C21
Change Component Designator: Old Designator=C14 New Designator=C22
Change Component Designator: Old Designator=C15 New Designator=C23
Change Component Designator: Old Designator=C16 New Designator=C24
Change Component Designator: Old Designator=C17 New Designator=C25
Change Component Designator: Old Designator=C18 New Designator=C26
Change Component Designator: Old Designator=C19 New Designator=C27
Change Component Designator: Old Designator=C? New Designator=C11
Change Component Designator: Old Designator=C? New Designator=C13
Change Component Designator: Old Designator=C? New Designator=C14
Change Component Designator: Old Designator=C? New Designator=C16
Change Component Designator: Old Designator=C? New Designator=C17
Change Component Designator: Old Designator=C? New Designator=C18
Change Component Designator: Old Designator=C? New Designator=C19
Change Component Designator: Old Designator=C? New Designator=C20
Change Component Designator: Old Designator=JP? New Designator=JP1
Change Component Designator: Old Designator=LED? New Designator=LED1
Change Component Designator: Old Designator=LED? New Designator=LED2
Change Component Designator: Old Designator=Q? New Designator=Q2
Change Component Designator: Old Designator=R1 New Designator=R3
Change Component Designator: Old Designator=R2 New Designator=R5
Change Component Designator: Old Designator=R3 New Designator=R6
Change Component Designator: Old Designator=R4 New Designator=R11
Change Component Designator: Old Designator=R5 New Designator=R12
Change Component Designator: Old Designator=R6 New Designator=R15
Change Component Designator: Old Designator=R7 New Designator=R27
Change Component Designator: Old Designator=R8 New Designator=R29
Change Component Designator: Old Designator=R? New Designator=R1
Change Component Designator: Old Designator=R? New Designator=R2
Change Component Designator: Old Designator=R? New Designator=R4
Change Component Designator: Old Designator=R? New Designator=R7
Change Component Designator: Old Designator=R? New Designator=R8
Change Component Designator: Old Designator=R? New Designator=R9
Change Component Designator: Old Designator=R? New Designator=R10
Change Component Designator: Old Designator=R? New Designator=R13
Change Component Designator: Old Designator=R? New Designator=R14
Change Component Designator: Old Designator=R? New Designator=R16
Change Component Designator: Old Designator=R? New Designator=R17
Change Component Designator: Old Designator=R? New Designator=R18
Change Component Designator: Old Designator=R? New Designator=R19
Change Component Designator: Old Designator=R? New Designator=R20
Change Component Designator: Old Designator=R? New Designator=R21
Change Component Designator: Old Designator=R? New Designator=R22
Change Component Designator: Old Designator=R? New Designator=R23
Change Component Designator: Old Designator=R? New Designator=R24
Change Component Designator: Old Designator=R? New Designator=R25
Change Component Designator: Old Designator=R? New Designator=R26
Change Component Designator: Old Designator=R? New Designator=R28
Change Component Designator: Old Designator=R? New Designator=R30
Change Component Designator: Old Designator=SB1 New Designator=SB2
Change Component Designator: Old Designator=SB2 New Designator=SB3
Change Component Designator: Old Designator=SB3 New Designator=SB4
Change Component Designator: Old Designator=SB4 New Designator=SB5
Change Component Designator: Old Designator=SB5 New Designator=SB6
Change Component Designator: Old Designator=SB? New Designator=SB1
Change Component Designator: Old Designator=TP? New Designator=TP1
Change Component Designator: Old Designator=U1 New Designator=U2
Change Component Designator: Old Designator=U2 New Designator=U3
Change Component Designator: Old Designator=U? New Designator=U1
Change Component Designator: Old Designator=U? New Designator=U1
Change Component Designator: Old Designator=USBC1 New Designator=USBC2
Change Component Designator: Old Designator=USBC2 New Designator=USBC1
Change Component Designator: Old Designator=X1 New Designator=X2
Change Component Designator: Old Designator=X? New Designator=X1
