Removed Member From Class: ClassName=Display Member=K?
Change Component Designator: OldDesignator=C? NewDesignator=C1
Change Component Designator: OldDesignator=C? NewDesignator=C2
Change Component Designator: OldDesignator=C? NewDesignator=C3
Change Component Designator: OldDesignator=C? NewDesignator=C4
Change Component Designator: OldDesignator=C? NewDesignator=C5
Change Component Designator: OldDesignator=C? NewDesignator=C6
Change Component Designator: OldDesignator=C? NewDesignator=C7
Change Component Designator: OldDesignator=C? NewDesignator=C8
Change Component Designator: OldDesignator=C? NewDesignator=C9
Change Component Designator: OldDesignator=C? NewDesignator=C10
Change Component Designator: OldDesignator=C? NewDesignator=C11
Change Component Designator: OldDesignator=C? NewDesignator=C12
Change Component Designator: OldDesignator=C? NewDesignator=C14
Change Component Designator: OldDesignator=C? NewDesignator=C15
Change Component Designator: OldDesignator=CN? NewDesignator=CN1
Change Component Designator: OldDesignator=CN? NewDesignator=CN2
Change Component Designator: OldDesignator=L? NewDesignator=L1
Change Component Designator: OldDesignator=Q? NewDesignator=Q1
Change Component Designator: OldDesignator=R? NewDesignator=R1
Change Component Designator: OldDesignator=R? NewDesignator=R2
Change Component Designator: OldDesignator=R? NewDesignator=R3
Change Component Designator: OldDesignator=R? NewDesignator=R4
Change Component Designator: OldDesignator=R? NewDesignator=R5
Change Component Designator: OldDesignator=R? NewDesignator=R7
Change Component Designator: OldDesignator=R? NewDesignator=R8
Change Component Designator: OldDesignator=U? NewDesignator=U1
Change Component Designator: OldDesignator=USBC? NewDesignator=USBC2
Change Component Designator: OldDesignator=X? NewDesignator=X1
Added Component: Designator=C13(C 0402_L)
Add component (AddParameter): Name = "BOM名称"; Value = "无极性贴片电容"; VariantName = "[No Variations]"
Add component (AddParameter): Name = "学习资源"; Value = "www.ooocke.com"; VariantName = "[No Variations]"
Add component (AddParameter): Name = "版权归属"; Value = "源创客"; VariantName = "[No Variations]"
Added Component: Designator=C16(C 0402_L)
Add component (AddParameter): Name = "BOM名称"; Value = "无极性贴片电容"; VariantName = "[No Variations]"
Add component (AddParameter): Name = "学习资源"; Value = "www.ooocke.com"; VariantName = "[No Variations]"
Add component (AddParameter): Name = "版权归属"; Value = "源创客"; VariantName = "[No Variations]"
Added Component: Designator=C17(C 0402_L)
Add component (AddParameter): Name = "BOM名称"; Value = "无极性贴片电容"; VariantName = "[No Variations]"
Add component (AddParameter): Name = "学习资源"; Value = "www.ooocke.com"; VariantName = "[No Variations]"
Add component (AddParameter): Name = "版权归属"; Value = "源创客"; VariantName = "[No Variations]"
Added Component: Designator=C18(C 0402_L)
Add component (AddParameter): Name = "BOM名称"; Value = "无极性贴片电容"; VariantName = "[No Variations]"
Add component (AddParameter): Name = "学习资源"; Value = "www.ooocke.com"; VariantName = "[No Variations]"
Add component (AddParameter): Name = "版权归属"; Value = "源创客"; VariantName = "[No Variations]"
Added Component: Designator=C19(C 0402_L)
Add component (AddParameter): Name = "BOM名称"; Value = "无极性贴片电容"; VariantName = "[No Variations]"
Add component (AddParameter): Name = "学习资源"; Value = "www.ooocke.com"; VariantName = "[No Variations]"
Add component (AddParameter): Name = "版权归属"; Value = "源创客"; VariantName = "[No Variations]"
Added Component: Designator=D1(MCC-SOD123_V)
Add component (AddParameter): Name = "Datasheet URL"; Value = "http://www.mccsemi.com/up_pdf/B5817W-B5819W(SOD-123).pdf"; VariantName = "[No Variations]"
Add component (AddParameter): Name = "Datasheet Version"; Value = "Rev. B, 01/2013"; VariantName = "[No Variations]"
Add component (AddParameter): Name = "Manufacturer"; Value = "Micro Commercial Components"; VariantName = "[No Variations]"
Add component (AddParameter): Name = "Manufacturer URL"; Value = "http://www.mccsemi.com/"; VariantName = "[No Variations]"
Add component (AddParameter): Name = "Package Description"; Value = "2-Pin Small Outline Diode, Body 2.7 x 1.6 mm, Height 1.35 mm"; VariantName = "[No Variations]"
Add component (AddParameter): Name = "Package Reference"; Value = "SOD123"; VariantName = "[No Variations]"
Add component (AddParameter): Name = "Package URL"; Value = "http://www.mccsemi.com/up_pdf/1N4448W(SOD-123).pdf"; VariantName = "[No Variations]"
Added Component: Designator=D2(SMFJ6.0CA)
Added Component: Designator=R6(R 0402_L)
Add component (AddParameter): Name = "BOM名称"; Value = "贴片电阻"; VariantName = "[No Variations]"
Add component (AddParameter): Name = "学习资源"; Value = "www.ooocke.com"; VariantName = "[No Variations]"
Add component (AddParameter): Name = "版权归属"; Value = "源创客"; VariantName = "[No Variations]"
Added Component: Designator=RF1(MF-NSMF110-2)
Add component (AddParameter): Name = "BOM名称"; Value = "PPTC自恢复保险丝"; VariantName = "[No Variations]"
Add component (AddParameter): Name = "学习资源"; Value = "www.ooocke.com"; VariantName = "[No Variations]"
Add component (AddParameter): Name = "版权归属"; Value = "源创客"; VariantName = "[No Variations]"
Added Component: Designator=SB1(SelectBit 0402)
Added Component: Designator=SB2(SelectBit 0402)
Added Component: Designator=SB3(SelectBit 0402)
Added Component: Designator=SB4(SelectBit 0402)
Added Component: Designator=SB5(SelectBit 0402)
Added Component: Designator=SW1(小乌龟2脚轻触开关3.9*2.9)
Added Component: Designator=U2(SOT94P279X129-5N)
Add component (AddParameter): Name = "Availability"; Value = "Unavailable"; VariantName = "[No Variations]"
Add component (AddParameter): Name = "MF"; Value = "Richtek USA"; VariantName = "[No Variations]"
Add component (AddParameter): Name = "MP"; Value = "RT9013-33GB"; VariantName = "[No Variations]"
Add component (AddParameter): Name = "Package"; Value = "SOT-23-5 Richtek"; VariantName = "[No Variations]"
Add component (AddParameter): Name = "Price"; Value = "None"; VariantName = "[No Variations]"
Add component (AddParameter): Name = "SnapEDA_Link"; Value = "https://www.snapeda.com/parts/RT9013-33GB/Richtek%20USA%20Inc./view-part/553199/?ref=snap"; VariantName = "[No Variations]"
Add component (AddParameter): Name = "Value"; Value = ""; VariantName = "[No Variations]"
Added Component: Designator=USBC1(USB-C-SMD_16P)
Add component (AddParameter): Name = "联系卖家 免费技术支持"; Value = "封装库来自淘宝卖家ID：黄晶宝石"; VariantName = "[No Variations]"
Add component (AddParameter): Name = "联系卖家 免费查找封装"; Value = "唯一出售店铺网址https://shop463601444.taobao.com"; VariantName = "[No Variations]"
Added Component: Designator=V1(SOT89_L)
Add component (AddParameter): Name = "BOM名称"; Value = "稳压芯片"; VariantName = "[No Variations]"
Add component (AddParameter): Name = "学习资源"; Value = "www.ooocke.com"; VariantName = "[No Variations]"
Add component (AddParameter): Name = "版权归属"; Value = "源创客"; VariantName = "[No Variations]"
Added Pin To Net: NetName=GND Pin=C13-2
Added Pin To Net: NetName=GND Pin=C16-1
Added Pin To Net: NetName=GND Pin=C17-1
Added Pin To Net: NetName=MCU_3V3 Pin=C17-2
Added Pin To Net: NetName=GND Pin=C18-1
Added Pin To Net: NetName=GND Pin=C19-1
Added Pin To Net: NetName=LCD_3V3 Pin=C19-2
Added Pin To Net: NetName=VBUS Pin=D1-1
Added Pin To Net: NetName=GND Pin=D2-1
Added Pin To Net: NetName=GND Pin=R6-2
Added Pin To Net: NetName=GND Pin=SB2-1
Added Pin To Net: NetName=GND Pin=SB4-1
Added Pin To Net: NetName=GND Pin=SW1-1
Added Pin To Net: NetName=LCD_SPI_RESET Pin=U1-18
Added Pin To Net: NetName=LCD_SPI_SCL Pin=U1-19
Added Pin To Net: NetName=LCD_SPI_DC Pin=U1-20
Added Pin To Net: NetName=LCD_SPI_SDA Pin=U1-21
Added Pin To Net: NetName=LCD_BL Pin=U1-22
Added Pin To Net: NetName=LCD_I2C_INT Pin=U1-38
Added Pin To Net: NetName=LCD_I2C_RESET Pin=U1-39
Added Pin To Net: NetName=LCD_I2C_SCL Pin=U1-40
Added Pin To Net: NetName=LCD_I2C_SDA Pin=U1-41
Added Pin To Net: NetName=GND Pin=U2-2
Added Pin To Net: NetName=MCU_3V3 Pin=U2-5
Added Pin To Net: NetName=GND Pin=USBC1-0
Added Pin To Net: NetName=GND Pin=USBC1-0
Added Pin To Net: NetName=GND Pin=USBC1-0
Added Pin To Net: NetName=GND Pin=USBC1-0
Added Pin To Net: NetName=GND Pin=USBC1-A1
Added Pin To Net: NetName=GND Pin=USBC1-A12
Added Pin To Net: NetName=GND Pin=USBC1-B1
Added Pin To Net: NetName=GND Pin=USBC1-B12
Added Pin To Net: NetName=GND Pin=V1-1
Added Pin To Net: NetName=LCD_3V3 Pin=V1-2
Added Pin To Net: NetName=LCD_3V3 Pin=V1-2
Change Net Name : Old Net Name=NetC?_2 New Net Name=NetC8_2
Change Net Name : Old Net Name=NetCN?_5 New Net Name=NetCN1_5
Change Net Name : Old Net Name=NetCN?_10 New Net Name=NetCN1_10
Change Net Name : Old Net Name=NetQ?_3 New Net Name=NetQ1_3
Change Net Name : Old Net Name=NetR?_1 New Net Name=NetR7_1
Change Net Name : Old Net Name=NetR?_2 New Net Name=NetR8_2
Added Pin To Net: NetName=5V Pin=C16-2
Added Pin To Net: NetName=5V Pin=C18-2
Added Pin To Net: NetName=5V Pin=RF1-2
Added Pin To Net: NetName=5V Pin=U2-1
Added Pin To Net: NetName=5V Pin=U2-3
Added Pin To Net: NetName=5V Pin=V1-3
Added Net: Name=5V
Added Pin To Net: NetName=MCU_UCPD_CC1 Pin=SB1-1
Added Pin To Net: NetName=MCU_UCPD_CC1 Pin=U1-59
Added Pin To Net: NetName=MCU_UCPD_CC1 Pin=USBC1-A5
Added Net: Name=MCU_UCPD_CC1
Added Pin To Net: NetName=MCU_UCPD_CC2 Pin=SB3-1
Added Pin To Net: NetName=MCU_UCPD_CC2 Pin=U1-57
Added Pin To Net: NetName=MCU_UCPD_CC2 Pin=USBC1-B5
Added Net: Name=MCU_UCPD_CC2
Added Pin To Net: NetName=MCU_UCPD_DBCC1 Pin=SB1-2
Added Pin To Net: NetName=MCU_UCPD_DBCC1 Pin=SB2-2
Added Pin To Net: NetName=MCU_UCPD_DBCC1 Pin=U1-43
Added Net: Name=MCU_UCPD_DBCC1
Added Pin To Net: NetName=MCU_UCPD_DBCC2 Pin=SB3-2
Added Pin To Net: NetName=MCU_UCPD_DBCC2 Pin=SB4-2
Added Pin To Net: NetName=MCU_UCPD_DBCC2 Pin=U1-44
Added Net: Name=MCU_UCPD_DBCC2
Added Pin To Net: NetName=MCU_USB_DM Pin=U1-45
Added Pin To Net: NetName=MCU_USB_DM Pin=USBC1-A7
Added Pin To Net: NetName=MCU_USB_DM Pin=USBC1-B7
Added Net: Name=MCU_USB_DM
Added Pin To Net: NetName=MCU_USB_DP Pin=U1-46
Added Pin To Net: NetName=MCU_USB_DP Pin=USBC1-A6
Added Pin To Net: NetName=MCU_USB_DP Pin=USBC1-B6
Added Net: Name=MCU_USB_DP
Added Pin To Net: NetName=NetC11_2 Pin=C11-2
Added Pin To Net: NetName=NetC11_2 Pin=U1-5
Added Pin To Net: NetName=NetC11_2 Pin=X1-3
Added Net: Name=NetC11_2
Added Pin To Net: NetName=NetC12_2 Pin=C12-2
Added Pin To Net: NetName=NetC12_2 Pin=U1-6
Added Pin To Net: NetName=NetC12_2 Pin=X1-1
Added Net: Name=NetC12_2
Added Pin To Net: NetName=NetC13_1 Pin=C13-1
Added Pin To Net: NetName=NetC13_1 Pin=SW1-3
Added Pin To Net: NetName=NetC13_1 Pin=U1-7
Added Net: Name=NetC13_1
Added Pin To Net: NetName=NetD1_2 Pin=D1-2
Added Pin To Net: NetName=NetD1_2 Pin=D2-2
Added Pin To Net: NetName=NetD1_2 Pin=RF1-1
Added Net: Name=NetD1_2
Added Pin To Net: NetName=NetR6_1 Pin=R6-1
Added Pin To Net: NetName=NetR6_1 Pin=SB5-1
Added Net: Name=NetR6_1
Added Pin To Net: NetName=NetSB5_2 Pin=SB5-2
Added Pin To Net: NetName=NetSB5_2 Pin=U1-61
Added Net: Name=NetSB5_2
Added Pin To Net: NetName=PD_VBUS Pin=USBC1-A4
Added Pin To Net: NetName=PD_VBUS Pin=USBC1-A9
Added Pin To Net: NetName=PD_VBUS Pin=USBC1-B4
Added Pin To Net: NetName=PD_VBUS Pin=USBC1-B9
Added Net: Name=PD_VBUS
Added Member To Class: ClassName=Display Member=Component C1 10uF
Added Member To Class: ClassName=Display Member=Component C2 100nF
Added Member To Class: ClassName=Display Member=Component C3 10uF
Added Member To Class: ClassName=Display Member=Component C4 100nF
Added Member To Class: ClassName=Display Member=Component C5 100nF
Added Member To Class: ClassName=Display Member=Component C6 100nF
Added Member To Class: ClassName=Display Member=Component C7 100nF
Added Member To Class: ClassName=Display Member=Component C8 1uF
Added Member To Class: ClassName=Display Member=Component C9 100nF
Added Member To Class: ClassName=Display Member=Component C10 1uF
Added Member To Class: ClassName=Display Member=Component C11 15pF
Added Member To Class: ClassName=Display Member=Component C12 15pF
Added Member To Class: ClassName=Display Member=Component C13 100nF
Added Member To Class: ClassName=Display Member=Component C15 100nF
Added Member To Class: ClassName=Display Member=Component C16 1uF
Added Member To Class: ClassName=Display Member=Component C17 1uF
Added Member To Class: ClassName=Display Member=Component C18 10uF
Added Member To Class: ClassName=Display Member=Component C19 10uF
Added Member To Class: ClassName=Display Member=Component CN1 LCD FPC Connector
Added Member To Class: ClassName=Display Member=Component D1 B5819W
Added Member To Class: ClassName=Display Member=Component D2 SMFJ6.0CA
Added Member To Class: ClassName=Display Member=Component R1 10K
Added Member To Class: ClassName=Display Member=Component R2 10R
Added Member To Class: ClassName=Display Member=Component R3 10K
Added Member To Class: ClassName=Display Member=Component R5 10K
Added Member To Class: ClassName=Display Member=Component R6 10K
Added Member To Class: ClassName=Display Member=Component R7 5.1K
Added Member To Class: ClassName=Display Member=Component R8 5.1K
Added Member To Class: ClassName=Display Member=Component RF1 1.1A/6V
Added Member To Class: ClassName=Display Member=Component SB1 SelectBit
Added Member To Class: ClassName=Display Member=Component SB2 SelectBit
Added Member To Class: ClassName=Display Member=Component SB3 SelectBit
Added Member To Class: ClassName=Display Member=Component SB4 SelectBit
Added Member To Class: ClassName=Display Member=Component SB5 SelectBit
Added Member To Class: ClassName=Display Member=Component SW1 KEY
Added Member To Class: ClassName=Display Member=Component U2 RT9013-33GB
Added Member To Class: ClassName=Display Member=Component USBC1 TYPE-C 2.0 -16P
Added Member To Class: ClassName=Display Member=Component V1 AMS1117-3V3
