Added Component: Designator=C?(C 0402_L)
Add component (AddParameter): Name = "BOM名称"; Value = "无极性贴片电容"; VariantName = "[No Variations]"
Add component (AddParameter): Name = "学习资源"; Value = "www.ooocke.com"; VariantName = "[No Variations]"
Add component (AddParameter): Name = "版权归属"; Value = "源创客"; VariantName = "[No Variations]"
Added Component: Designator=C?(C 0402_L)
Add component (AddParameter): Name = "BOM名称"; Value = "无极性贴片电容"; VariantName = "[No Variations]"
Add component (AddParameter): Name = "学习资源"; Value = "www.ooocke.com"; VariantName = "[No Variations]"
Add component (AddParameter): Name = "版权归属"; Value = "源创客"; VariantName = "[No Variations]"
Added Component: Designator=C?(C 0402_L)
Add component (AddParameter): Name = "BOM名称"; Value = "无极性贴片电容"; VariantName = "[No Variations]"
Add component (AddParameter): Name = "学习资源"; Value = "www.ooocke.com"; VariantName = "[No Variations]"
Add component (AddParameter): Name = "版权归属"; Value = "源创客"; VariantName = "[No Variations]"
Added Component: Designator=C?(C 0402_L)
Add component (AddParameter): Name = "BOM名称"; Value = "无极性贴片电容"; VariantName = "[No Variations]"
Add component (AddParameter): Name = "学习资源"; Value = "www.ooocke.com"; VariantName = "[No Variations]"
Add component (AddParameter): Name = "版权归属"; Value = "源创客"; VariantName = "[No Variations]"
Added Component: Designator=C?(C 0402_L)
Add component (AddParameter): Name = "BOM名称"; Value = "无极性贴片电容"; VariantName = "[No Variations]"
Add component (AddParameter): Name = "学习资源"; Value = "www.ooocke.com"; VariantName = "[No Variations]"
Add component (AddParameter): Name = "版权归属"; Value = "源创客"; VariantName = "[No Variations]"
Added Component: Designator=C?(C 0402_L)
Add component (AddParameter): Name = "BOM名称"; Value = "无极性贴片电容"; VariantName = "[No Variations]"
Add component (AddParameter): Name = "学习资源"; Value = "www.ooocke.com"; VariantName = "[No Variations]"
Add component (AddParameter): Name = "版权归属"; Value = "源创客"; VariantName = "[No Variations]"
Added Component: Designator=C?(C 0402_L)
Add component (AddParameter): Name = "BOM名称"; Value = "无极性贴片电容"; VariantName = "[No Variations]"
Add component (AddParameter): Name = "学习资源"; Value = "www.ooocke.com"; VariantName = "[No Variations]"
Add component (AddParameter): Name = "版权归属"; Value = "源创客"; VariantName = "[No Variations]"
Added Component: Designator=C?(C 0402_L)
Add component (AddParameter): Name = "BOM名称"; Value = "无极性贴片电容"; VariantName = "[No Variations]"
Add component (AddParameter): Name = "学习资源"; Value = "www.ooocke.com"; VariantName = "[No Variations]"
Add component (AddParameter): Name = "版权归属"; Value = "源创客"; VariantName = "[No Variations]"
Added Component: Designator=C?(C 0402_L)
Add component (AddParameter): Name = "BOM名称"; Value = "无极性贴片电容"; VariantName = "[No Variations]"
Add component (AddParameter): Name = "学习资源"; Value = "www.ooocke.com"; VariantName = "[No Variations]"
Add component (AddParameter): Name = "版权归属"; Value = "源创客"; VariantName = "[No Variations]"
Added Component: Designator=C?(C 0402_L)
Add component (AddParameter): Name = "BOM名称"; Value = "无极性贴片电容"; VariantName = "[No Variations]"
Add component (AddParameter): Name = "学习资源"; Value = "www.ooocke.com"; VariantName = "[No Variations]"
Add component (AddParameter): Name = "版权归属"; Value = "源创客"; VariantName = "[No Variations]"
Added Component: Designator=C?(C 0402_L)
Add component (AddParameter): Name = "BOM名称"; Value = "无极性贴片电容"; VariantName = "[No Variations]"
Add component (AddParameter): Name = "学习资源"; Value = "www.ooocke.com"; VariantName = "[No Variations]"
Add component (AddParameter): Name = "版权归属"; Value = "源创客"; VariantName = "[No Variations]"
Added Component: Designator=C?(C 0402_L)
Add component (AddParameter): Name = "BOM名称"; Value = "无极性贴片电容"; VariantName = "[No Variations]"
Add component (AddParameter): Name = "学习资源"; Value = "www.ooocke.com"; VariantName = "[No Variations]"
Add component (AddParameter): Name = "版权归属"; Value = "源创客"; VariantName = "[No Variations]"
Added Component: Designator=C?(C 0402_L)
Add component (AddParameter): Name = "BOM名称"; Value = "无极性贴片电容"; VariantName = "[No Variations]"
Add component (AddParameter): Name = "学习资源"; Value = "www.ooocke.com"; VariantName = "[No Variations]"
Add component (AddParameter): Name = "版权归属"; Value = "源创客"; VariantName = "[No Variations]"
Added Component: Designator=C?(C 0402_L)
Add component (AddParameter): Name = "BOM名称"; Value = "无极性贴片电容"; VariantName = "[No Variations]"
Add component (AddParameter): Name = "学习资源"; Value = "www.ooocke.com"; VariantName = "[No Variations]"
Add component (AddParameter): Name = "版权归属"; Value = "源创客"; VariantName = "[No Variations]"
Added Component: Designator=CN?(FPC_Connector_0.5mm_18P)
Added Component: Designator=CN?(FPC_Connector_0.5mm_6P)
Added Component: Designator=K?(SMD-SW2X4)
Added Component: Designator=L?(L 0603)
Add component (AddParameter): Name = "BOM名称"; Value = "小功率贴片电感"; VariantName = "[No Variations]"
Add component (AddParameter): Name = "学习资源"; Value = "www.ooocke.com"; VariantName = "[No Variations]"
Add component (AddParameter): Name = "版权归属"; Value = "源创客"; VariantName = "[No Variations]"
Added Component: Designator=Q?(SOT23-3L)
Add component (AddParameter): Name = "BOM名称"; Value = "场效应管"; VariantName = "[No Variations]"
Add component (AddParameter): Name = "参数"; Value = "P沟道 30V/4.2A"; VariantName = "[No Variations]"
Add component (AddParameter): Name = "联系卖家，免费查找封装"; Value = "唯一出售店铺网址https://shop463601444.taobao.com"; VariantName = "[No Variations]"
Added Component: Designator=R?(R 0402_L)
Add component (AddParameter): Name = "BOM名称"; Value = "贴片电阻"; VariantName = "[No Variations]"
Add component (AddParameter): Name = "学习资源"; Value = "www.ooocke.com"; VariantName = "[No Variations]"
Add component (AddParameter): Name = "版权归属"; Value = "源创客"; VariantName = "[No Variations]"
Added Component: Designator=R?(R 0402_L)
Add component (AddParameter): Name = "BOM名称"; Value = "贴片电阻"; VariantName = "[No Variations]"
Add component (AddParameter): Name = "学习资源"; Value = "www.ooocke.com"; VariantName = "[No Variations]"
Add component (AddParameter): Name = "版权归属"; Value = "源创客"; VariantName = "[No Variations]"
Added Component: Designator=R?(R 0402_L)
Add component (AddParameter): Name = "BOM名称"; Value = "贴片电阻"; VariantName = "[No Variations]"
Add component (AddParameter): Name = "学习资源"; Value = "www.ooocke.com"; VariantName = "[No Variations]"
Add component (AddParameter): Name = "版权归属"; Value = "源创客"; VariantName = "[No Variations]"
Added Component: Designator=R?(R 0402_L)
Add component (AddParameter): Name = "BOM名称"; Value = "贴片电阻"; VariantName = "[No Variations]"
Add component (AddParameter): Name = "学习资源"; Value = "www.ooocke.com"; VariantName = "[No Variations]"
Add component (AddParameter): Name = "版权归属"; Value = "源创客"; VariantName = "[No Variations]"
Added Component: Designator=R?(R 0402_L)
Add component (AddParameter): Name = "BOM名称"; Value = "贴片电阻"; VariantName = "[No Variations]"
Add component (AddParameter): Name = "学习资源"; Value = "www.ooocke.com"; VariantName = "[No Variations]"
Add component (AddParameter): Name = "版权归属"; Value = "源创客"; VariantName = "[No Variations]"
Added Component: Designator=R?(R 0402_L)
Add component (AddParameter): Name = "BOM名称"; Value = "贴片电阻"; VariantName = "[No Variations]"
Add component (AddParameter): Name = "学习资源"; Value = "www.ooocke.com"; VariantName = "[No Variations]"
Add component (AddParameter): Name = "版权归属"; Value = "源创客"; VariantName = "[No Variations]"
Added Component: Designator=R?(R 0402_L)
Add component (AddParameter): Name = "BOM名称"; Value = "贴片电阻"; VariantName = "[No Variations]"
Add component (AddParameter): Name = "学习资源"; Value = "www.ooocke.com"; VariantName = "[No Variations]"
Add component (AddParameter): Name = "版权归属"; Value = "源创客"; VariantName = "[No Variations]"
Added Component: Designator=U?(FP-LQFP64-5W-MFG)
Add component (AddParameter): Name = "Ambient Temperature Range High"; Value = "+85°C"; VariantName = "[No Variations]"
Add component (AddParameter): Name = "Ambient Temperature Range Low"; Value = "-40°C"; VariantName = "[No Variations]"
Add component (AddParameter): Name = "Automotive"; Value = "No"; VariantName = "[No Variations]"
Add component (AddParameter): Name = "Category"; Value = "IC"; VariantName = "[No Variations]"
Add component (AddParameter): Name = "ComponentLink2Description"; Value = "Datasheet"; VariantName = "[No Variations]"
Add component (AddParameter): Name = "ComponentLink2URL"; Value = "https://www.st.com/resource/en/datasheet/stm32g474cb.pdf"; VariantName = "[No Variations]"
Add component (AddParameter): Name = "Core Architecture"; Value = "ARM Cortex-M4"; VariantName = "[No Variations]"
Add component (AddParameter): Name = "Data Bus Width"; Value = "32bits"; VariantName = "[No Variations]"
Add component (AddParameter): Name = "Device Class L1"; Value = "Integrated Circuits (ICs)"; VariantName = "[No Variations]"
Add component (AddParameter): Name = "Device Class L2"; Value = "Embedded Processors and Controllers"; VariantName = "[No Variations]"
Add component (AddParameter): Name = "Device Class L3"; Value = "Microcontrollers"; VariantName = "[No Variations]"
Add component (AddParameter): Name = "Digikey Description"; Value = "MAINSTREAM ARM CORTEX-M4 CORE WI"; VariantName = "[No Variations]"
Add component (AddParameter): Name = "Frequency"; Value = "170MHz"; VariantName = "[No Variations]"
Add component (AddParameter): Name = "Height"; Value = "1.6mm"; VariantName = "[No Variations]"
Add component (AddParameter): Name = "Interface"; Value = "I2C,SPI,UART,USART,CAN,USB,LIN,IrDA,I2S,SMBus,Other"; VariantName = "[No Variations]"
Add component (AddParameter): Name = "Lead Free"; Value = "Yes"; VariantName = "[No Variations]"
Add component (AddParameter): Name = "Manufacturer"; Value = "STMicroelectronics"; VariantName = "[No Variations]"
Add component (AddParameter): Name = "Manufacturer Part Number"; Value = "STM32G474RET6"; VariantName = "[No Variations]"
Add component (AddParameter): Name = "Max Junction Temp"; Value = "+105°C"; VariantName = "[No Variations]"
Add component (AddParameter): Name = "Max Supply Voltage"; Value = "3.6V"; VariantName = "[No Variations]"
Add component (AddParameter): Name = "Memory Size"; Value = "512KBytes"; VariantName = "[No Variations]"
Add component (AddParameter): Name = "Memory Type"; Value = "FLASH"; VariantName = "[No Variations]"
Add component (AddParameter): Name = "Min Supply Voltage"; Value = "1.71V"; VariantName = "[No Variations]"
Add component (AddParameter): Name = "Mouser Description"; Value = "Microcontroller 32-Bit ARM Cortex-M4 RISC 512KB Flash 1.71V to 3.6V 64-Pin LQFP"; VariantName = "[No Variations]"
Add component (AddParameter): Name = "Number Of A/D Converters"; Value = "5"; VariantName = "[No Variations]"
Add component (AddParameter): Name = "Number Of Adc Channels"; Value = "26"; VariantName = "[No Variations]"
Add component (AddParameter): Name = "Number Of Cores"; Value = "1"; VariantName = "[No Variations]"
Add component (AddParameter): Name = "Number Of I2C Channels"; Value = "4"; VariantName = "[No Variations]"
Add component (AddParameter): Name = "Number Of I/Os"; Value = "52"; VariantName = "[No Variations]"
Add component (AddParameter): Name = "Number Of Pwm Channels"; Value = "32"; VariantName = "[No Variations]"
Add component (AddParameter): Name = "Number Of Spi Channels"; Value = "3"; VariantName = "[No Variations]"
Add component (AddParameter): Name = "Number Of Timers/Counters"; Value = "14"; VariantName = "[No Variations]"
Add component (AddParameter): Name = "Number Of Uart Channels"; Value = "6"; VariantName = "[No Variations]"
Add component (AddParameter): Name = "Number Of Usb Channels"; Value = "1"; VariantName = "[No Variations]"
Add component (AddParameter): Name = "Octopart"; Value = "https://octopart.com/stm32g474ret6-stmicroelectronics-102308483"; VariantName = "[No Variations]"
Add component (AddParameter): Name = "Package"; Value = "LQFP64-5W"; VariantName = "[No Variations]"
Add component (AddParameter): Name = "Ram Size"; Value = "128KBytes"; VariantName = "[No Variations]"
Add component (AddParameter): Name = "RoHS"; Value = "TRUE"; VariantName = "[No Variations]"
Add component (AddParameter): Name = "Standoff Height"; Value = "0.05mm"; VariantName = "[No Variations]"
Add component (AddParameter): Name = "Temperature"; Value = "-40°C to +105°C"; VariantName = "[No Variations]"
Add component (AddParameter): Name = "Temperature Range High"; Value = "+105°C"; VariantName = "[No Variations]"
Add component (AddParameter): Name = "Temperature Range Low"; Value = "-40°C"; VariantName = "[No Variations]"
Added Component: Designator=USBC?(USB-C-SMD_16P)
Add component (AddParameter): Name = "联系卖家 免费技术支持"; Value = "封装库来自淘宝卖家ID：黄晶宝石"; VariantName = "[No Variations]"
Add component (AddParameter): Name = "联系卖家 免费查找封装"; Value = "唯一出售店铺网址https://shop463601444.taobao.com"; VariantName = "[No Variations]"
Added Component: Designator=X?(XTAL-3225-4P)
Add component (AddParameter): Name = "BOM名称"; Value = "4脚无源晶振(谐振器）"; VariantName = "[No Variations]"
Add component (AddParameter): Name = "联系卖家，免费查找封装"; Value = "唯一出售店铺网址https://shop463601444.taobao.com"; VariantName = "[No Variations]"
Added Pin To Net: NetName=GND Pin=C?-1
Added Pin To Net: NetName=GND Pin=C?-1
Added Pin To Net: NetName=GND Pin=C?-1
Added Pin To Net: NetName=GND Pin=C?-1
Added Pin To Net: NetName=GND Pin=C?-1
Added Pin To Net: NetName=GND Pin=C?-1
Added Pin To Net: NetName=GND Pin=C?-1
Added Pin To Net: NetName=GND Pin=C?-1
Added Pin To Net: NetName=GND Pin=C?-1
Added Pin To Net: NetName=GND Pin=C?-1
Added Pin To Net: NetName=GND Pin=C?-1
Added Pin To Net: NetName=GND Pin=C?-1
Added Pin To Net: NetName=GND Pin=C?-1
Added Pin To Net: NetName=GND Pin=C?-1
Added Pin To Net: NetName=GND Pin=CN?-0
Added Pin To Net: NetName=GND Pin=CN?-0
Added Pin To Net: NetName=GND Pin=CN?-0
Added Pin To Net: NetName=GND Pin=CN?-0
Added Pin To Net: NetName=GND Pin=CN?-1
Added Pin To Net: NetName=GND Pin=CN?-1
Added Pin To Net: NetName=GND Pin=CN?-8
Added Pin To Net: NetName=GND Pin=CN?-11
Added Pin To Net: NetName=GND Pin=CN?-12
Added Pin To Net: NetName=GND Pin=CN?-13
Added Pin To Net: NetName=GND Pin=CN?-14
Added Pin To Net: NetName=GND Pin=R?-1
Added Pin To Net: NetName=GND Pin=R?-1
Added Pin To Net: NetName=GND Pin=R?-2
Added Pin To Net: NetName=GND Pin=U?-15
Added Pin To Net: NetName=GND Pin=U?-27
Added Pin To Net: NetName=GND Pin=U?-31
Added Pin To Net: NetName=GND Pin=U?-47
Added Pin To Net: NetName=GND Pin=U?-63
Added Pin To Net: NetName=GND Pin=USBC?-0
Added Pin To Net: NetName=GND Pin=USBC?-0
Added Pin To Net: NetName=GND Pin=USBC?-0
Added Pin To Net: NetName=GND Pin=USBC?-0
Added Pin To Net: NetName=GND Pin=USBC?-A1
Added Pin To Net: NetName=GND Pin=USBC?-A12
Added Pin To Net: NetName=GND Pin=USBC?-B1
Added Pin To Net: NetName=GND Pin=USBC?-B12
Added Pin To Net: NetName=GND Pin=X?-2
Added Pin To Net: NetName=GND Pin=X?-4
Added Net: Name=GND
Added Pin To Net: NetName=LCD_3V3 Pin=C?-2
Added Pin To Net: NetName=LCD_3V3 Pin=C?-2
Added Pin To Net: NetName=LCD_3V3 Pin=C?-2
Added Pin To Net: NetName=LCD_3V3 Pin=C?-2
Added Pin To Net: NetName=LCD_3V3 Pin=CN?-6
Added Pin To Net: NetName=LCD_3V3 Pin=CN?-9
Added Pin To Net: NetName=LCD_3V3 Pin=Q?-2
Added Pin To Net: NetName=LCD_3V3 Pin=R?-2
Added Pin To Net: NetName=LCD_3V3 Pin=R?-2
Added Pin To Net: NetName=LCD_3V3 Pin=R?-2
Added Net: Name=LCD_3V3
Added Pin To Net: NetName=LCD_BL Pin=Q?-1
Added Pin To Net: NetName=LCD_BL Pin=R?-1
Added Net: Name=LCD_BL
Added Pin To Net: NetName=LCD_I2C_INT Pin=CN?-3
Added Net: Name=LCD_I2C_INT
Added Pin To Net: NetName=LCD_I2C_RESET Pin=CN?-2
Added Net: Name=LCD_I2C_RESET
Added Pin To Net: NetName=LCD_I2C_SCL Pin=CN?-5
Added Pin To Net: NetName=LCD_I2C_SCL Pin=R?-1
Added Net: Name=LCD_I2C_SCL
Added Pin To Net: NetName=LCD_I2C_SDA Pin=CN?-4
Added Pin To Net: NetName=LCD_I2C_SDA Pin=R?-1
Added Net: Name=LCD_I2C_SDA
Added Pin To Net: NetName=LCD_SPI_DC Pin=CN?-4
Added Net: Name=LCD_SPI_DC
Added Pin To Net: NetName=LCD_SPI_RESET Pin=CN?-2
Added Net: Name=LCD_SPI_RESET
Added Pin To Net: NetName=LCD_SPI_SCL Pin=CN?-3
Added Net: Name=LCD_SPI_SCL
Added Pin To Net: NetName=LCD_SPI_SDA Pin=CN?-6
Added Net: Name=LCD_SPI_SDA
Added Pin To Net: NetName=MCU_3V3 Pin=C?-2
Added Pin To Net: NetName=MCU_3V3 Pin=C?-2
Added Pin To Net: NetName=MCU_3V3 Pin=C?-2
Added Pin To Net: NetName=MCU_3V3 Pin=C?-2
Added Pin To Net: NetName=MCU_3V3 Pin=C?-2
Added Pin To Net: NetName=MCU_3V3 Pin=C?-2
Added Pin To Net: NetName=MCU_3V3 Pin=L?-1
Added Pin To Net: NetName=MCU_3V3 Pin=U?-1
Added Pin To Net: NetName=MCU_3V3 Pin=U?-16
Added Pin To Net: NetName=MCU_3V3 Pin=U?-32
Added Pin To Net: NetName=MCU_3V3 Pin=U?-48
Added Pin To Net: NetName=MCU_3V3 Pin=U?-64
Added Net: Name=MCU_3V3
Added Pin To Net: NetName=NetC?_2 Pin=C?-2
Added Pin To Net: NetName=NetC?_2 Pin=C?-2
Added Pin To Net: NetName=NetC?_2 Pin=L?-2
Added Pin To Net: NetName=NetC?_2 Pin=U?-28
Added Pin To Net: NetName=NetC?_2 Pin=U?-29
Added Net: Name=NetC?_2
Add Net: Net with name "NetC?_2" already exists
Add Net: Net with name "NetC?_2" already exists
Added Pin To Net: NetName=NetCN?_5 Pin=CN?-5
Added Pin To Net: NetName=NetCN?_5 Pin=R?-2
Added Net: Name=NetCN?_5
Added Pin To Net: NetName=NetCN?_10 Pin=CN?-10
Added Pin To Net: NetName=NetCN?_10 Pin=R?-2
Added Net: Name=NetCN?_10
Added Pin To Net: NetName=NetQ?_3 Pin=Q?-3
Added Pin To Net: NetName=NetQ?_3 Pin=R?-1
Added Net: Name=NetQ?_3
Added Pin To Net: NetName=NetR?_1 Pin=R?-1
Added Pin To Net: NetName=NetR?_1 Pin=USBC?-B5
Added Net: Name=NetR?_1
Added Pin To Net: NetName=NetR?_2 Pin=R?-2
Added Pin To Net: NetName=NetR?_2 Pin=USBC?-A5
Added Net: Name=NetR?_2
Added Pin To Net: NetName=USB_Debug_DN Pin=USBC?-A7
Added Pin To Net: NetName=USB_Debug_DN Pin=USBC?-B7
Added Net: Name=USB_Debug_DN
Added Pin To Net: NetName=USB_Debug_DP Pin=USBC?-A6
Added Pin To Net: NetName=USB_Debug_DP Pin=USBC?-B6
Added Net: Name=USB_Debug_DP
Added Pin To Net: NetName=VBUS Pin=USBC?-A4
Added Pin To Net: NetName=VBUS Pin=USBC?-A9
Added Pin To Net: NetName=VBUS Pin=USBC?-B4
Added Pin To Net: NetName=VBUS Pin=USBC?-B9
Added Net: Name=VBUS
Added Class: Name=Display
