Added Member To Class: ClassName=Display Member=Component C1 10uF
Added Member To Class: ClassName=Display Member=Component C4 100nF
Added Member To Class: ClassName=Display Member=Component C5 100nF
Added Member To Class: ClassName=Display Member=Component C11 10pF
Added Member To Class: ClassName=Display Member=Component C12 15pF
Added Member To Class: ClassName=Display Member=Component C13 100nF
Added Member To Class: ClassName=Display Member=Component C14 10pF
Added Member To Class: ClassName=Display Member=Component C16 10uF
Added Member To Class: ClassName=Display Member=Component C17 100nF
Added Member To Class: ClassName=Display Member=Component C18 100nF
Added Member To Class: ClassName=Display Member=Component C19 100nF
Added Member To Class: ClassName=Display Member=Component R1 4.7K
Added Member To Class: ClassName=Display Member=Component R2 4.7K
Added Member To Class: ClassName=Display Member=Component R3 10K
Added Member To Class: ClassName=Display Member=Component R4 100R
Added Member To Class: ClassName=Display Member=Component R7 10K
Added Member To Class: ClassName=Display Member=Component R8 100K
Added Member To Class: ClassName=Display Member=Component SB1 SelectBit
Added Member To Class: ClassName=Display Member=Component SB2 SelectBit
Added Member To Class: ClassName=Display Member=Component SB3 SelectBit
Added Member To Class: ClassName=Display Member=Component SB5 SelectBit
Added Member To Class: ClassName=Display Member=Component U1 STM32F103C8T6
Added Member To Class: ClassName=Display Member=Component U2 STM32G474RET6
Added Member To Class: ClassName=Display Member=Component USBC2 TYPE-C 2.0 -16P
Added Member To Class: ClassName=Display Member=Component X1 8MHz
